Log file open, 02/01/20 22:28:02
LogWindows: Failed to load 'aqProf.dll' (GetLastError=126)
LogWindows: File 'aqProf.dll' does not exist
LogWindows: Failed to load 'VtuneApi.dll' (GetLastError=126)
LogWindows: File 'VtuneApi.dll' does not exist
LogWindows: Failed to load 'VtuneApi32e.dll' (GetLastError=126)
LogWindows: File 'VtuneApi32e.dll' does not exist
LogConsoleResponse: Display: Failed to find resolution value strings in scalability ini. Falling back to default.
LogInit: Display: Running engine for game: GGJ2020Inventory
LogPlatformFile: Not using cached read wrapper
LogTaskGraph: Started task graph with 5 named threads and 35 total threads with 3 sets of task threads.
LogStats: Stats thread started at 0.954311
LogD3D11RHI: Loaded GFSDK_Aftermath_Lib.x64.dll
LogICUInternationalization: ICU TimeZone Detection - Raw Offset: -5:00, Platform Override: ''
LogPluginManager: Mounting plugin Paper2D
LogPluginManager: Mounting plugin AISupport
LogPluginManager: Mounting plugin LightPropagationVolume
LogPluginManager: Mounting plugin ActorLayerUtilities
LogPluginManager: Mounting plugin AnimationSharing
LogPluginManager: Mounting plugin CLionSourceCodeAccess
LogPluginManager: Mounting plugin CodeLiteSourceCodeAccess
LogPluginManager: Mounting plugin GitSourceControl
LogPluginManager: Mounting plugin KDevelopSourceCodeAccess
LogPluginManager: Mounting plugin NullSourceCodeAccess
LogPluginManager: Mounting plugin PerforceSourceControl
LogPluginManager: Mounting plugin PlasticSourceControl
LogPluginManager: Mounting plugin SubversionSourceControl
LogPluginManager: Mounting plugin UObjectPlugin
LogPluginManager: Mounting plugin VisualStudioCodeSourceCodeAccess
LogPluginManager: Mounting plugin VisualStudioSourceCodeAccess
LogPluginManager: Mounting plugin XCodeSourceCodeAccess
LogPluginManager: Mounting plugin AssetManagerEditor
LogPluginManager: Mounting plugin CryptoKeys
LogPluginManager: Mounting plugin CurveEditorTools
LogPluginManager: Mounting plugin DataValidation
LogPluginManager: Mounting plugin FacialAnimation
LogPluginManager: Mounting plugin GameplayTagsEditor
LogPluginManager: Mounting plugin MacGraphicsSwitching
LogPluginManager: Mounting plugin MaterialAnalyzer
LogPluginManager: Mounting plugin MobileLauncherProfileWizard
LogPluginManager: Mounting plugin PluginBrowser
LogPluginManager: Mounting plugin SpeedTreeImporter
LogPluginManager: Mounting plugin DatasmithContent
LogPluginManager: Mounting plugin VariantManagerContent
LogPluginManager: Mounting plugin AlembicImporter
LogPluginManager: Mounting plugin AutomationUtils
LogPluginManager: Mounting plugin BackChannel
LogPluginManager: Mounting plugin CharacterAI
LogPluginManager: Mounting plugin GeometryCache
LogPluginManager: Mounting plugin PlatformCrypto
LogPluginManager: Mounting plugin ProxyLODPlugin
LogPluginManager: Mounting plugin SkeletalReduction
LogPluginManager: Mounting plugin MagicLeap
LogPluginManager: Mounting plugin MagicLeapMedia
LogPluginManager: Mounting plugin MLSDK
LogPluginManager: Mounting plugin AndroidMedia
LogPluginManager: Mounting plugin AvfMedia
LogPluginManager: Mounting plugin ImgMedia
LogPluginManager: Mounting plugin MediaCompositing
LogPluginManager: Mounting plugin MediaPlayerEditor
LogPluginManager: Mounting plugin WebMMedia
LogPluginManager: Mounting plugin WmfMedia
LogPluginManager: Mounting plugin TcpMessaging
LogPluginManager: Mounting plugin UdpMessaging
LogPluginManager: Mounting plugin ActorSequence
LogPluginManager: Mounting plugin LevelSequenceEditor
LogPluginManager: Mounting plugin MatineeToLevelSequence
LogPluginManager: Mounting plugin NetcodeUnitTest
LogPluginManager: Mounting plugin NUTUnrealEngine4
LogPluginManager: Mounting plugin OnlineSubsystemGooglePlay
LogPluginManager: Mounting plugin OnlineSubsystemIOS
LogPluginManager: Mounting plugin OnlineSubsystem
LogPluginManager: Mounting plugin OnlineSubsystemNull
LogPluginManager: Mounting plugin OnlineSubsystemUtils
LogPluginManager: Mounting plugin LauncherChunkInstaller
LogPluginManager: Mounting plugin AndroidDeviceProfileSelector
LogPluginManager: Mounting plugin AndroidMoviePlayer
LogPluginManager: Mounting plugin AndroidPermission
LogPluginManager: Mounting plugin AppleImageUtils
LogPluginManager: Mounting plugin AppleMoviePlayer
LogPluginManager: Mounting plugin ArchVisCharacter
LogPluginManager: Mounting plugin AssetTags
LogPluginManager: Mounting plugin AudioCapture
LogPluginManager: Mounting plugin CableComponent
LogPluginManager: Mounting plugin CustomMeshComponent
LogPluginManager: Mounting plugin EditableMesh
LogPluginManager: Mounting plugin ExampleDeviceProfileSelector
LogPluginManager: Mounting plugin GoogleCloudMessaging
LogPluginManager: Mounting plugin IOSDeviceProfileSelector
LogPluginManager: Mounting plugin LinuxDeviceProfileSelector
LogPluginManager: Mounting plugin LocationServicesBPLibrary
LogPluginManager: Mounting plugin MobilePatchingUtils
LogPluginManager: Mounting plugin OculusVR
LogPluginManager: Mounting plugin PhysXVehicles
LogPluginManager: Mounting plugin PostSplashScreen
LogPluginManager: Mounting plugin ProceduralMeshComponent
LogPluginManager: Mounting plugin RuntimePhysXCooking
LogPluginManager: Mounting plugin SignificanceManager
LogPluginManager: Mounting plugin SteamVR
LogPluginManager: Mounting plugin WebMMoviePlayer
LogPluginManager: Mounting plugin WindowsMoviePlayer
LogPluginManager: Mounting plugin ScreenshotTools
LogInit: Using libcurl 7.55.1-DEV
LogInit:  - built for x86_64-pc-win32
LogInit:  - supports SSL with OpenSSL/1.1.1
LogInit:  - supports HTTP deflate (compression) using libz 1.2.8
LogInit:  - other features:
LogInit:      CURL_VERSION_SSL
LogInit:      CURL_VERSION_LIBZ
LogInit:      CURL_VERSION_IPV6
LogInit:      CURL_VERSION_ASYNCHDNS
LogInit:      CURL_VERSION_LARGEFILE
LogInit:      CURL_VERSION_IDN
LogInit:  CurlRequestOptions (configurable via config and command line):
LogInit:  - bVerifyPeer = true  - Libcurl will verify peer certificate
LogInit:  - bUseHttpProxy = false  - Libcurl will NOT use HTTP proxy
LogInit:  - bDontReuseConnections = false  - Libcurl will reuse connections
LogInit:  - MaxHostConnections = 16  - Libcurl will limit the number of connections to a host
LogInit:  - LocalHostAddr = Default
LogInit:  - BufferSize = 65536
LogOnline: OSS: Creating online subsystem instance for: NULL
LogInit: WinSock: version 1.1 (2.2), MaxSocks=32767, MaxUdp=65467
LogOnline: OSS: TryLoadSubsystemAndSetDefault: Loaded subsystem for module [NULL]
LogInit: Build: ++UE4+Release-4.24-CL-10757647
LogInit: Engine Version: 4.24.1-10757647+++UE4+Release-4.24
LogInit: Compatible Engine Version: 4.24.0-10570792+++UE4+Release-4.24
LogInit: Net CL: 10570792
LogInit: OS: Windows 10 (Release 1903) (), CPU: Intel(R) Core(TM) i7-8750H CPU @ 2.20GHz, GPU: Intel(R) UHD Graphics 630
LogInit: Compiled (64-bit): Dec 17 2019 02:08:03
LogInit: Compiled with Visual C++: 19.16.27032.01
LogInit: Build Configuration: Development
LogInit: Branch Name: ++UE4+Release-4.24
LogInit: Command Line: 
LogInit: Base Directory: D:/Epic Games/UE_4.24/Engine/Binaries/Win64/
LogInit: Installed Engine Build: 1
LogDevObjectVersion: Number of dev versions registered: 25
LogDevObjectVersion:   Dev-Blueprints (B0D832E4-1F89-4F0D-ACCF-7EB736FD4AA2): 10
LogDevObjectVersion:   Dev-Build (E1C64328-A22C-4D53-A36C-8E866417BD8C): 0
LogDevObjectVersion:   Dev-Core (375EC13C-06E4-48FB-B500-84F0262A717E): 3
LogDevObjectVersion:   Dev-Editor (E4B068ED-F494-42E9-A231-DA0B2E46BB41): 37
LogDevObjectVersion:   Dev-Framework (CFFC743F-43B0-4480-9391-14DF171D2073): 36
LogDevObjectVersion:   Dev-Mobile (B02B49B5-BB20-44E9-A304-32B752E40360): 2
LogDevObjectVersion:   Dev-Networking (A4E4105C-59A1-49B5-A7C5-40C4547EDFEE): 0
LogDevObjectVersion:   Dev-Online (39C831C9-5AE6-47DC-9A44-9C173E1C8E7C): 0
LogDevObjectVersion:   Dev-Physics (78F01B33-EBEA-4F98-B9B4-84EACCB95AA2): 2
LogDevObjectVersion:   Dev-Platform (6631380F-2D4D-43E0-8009-CF276956A95A): 0
LogDevObjectVersion:   Dev-Rendering (12F88B9F-8875-4AFC-A67C-D90C383ABD29): 36
LogDevObjectVersion:   Dev-Sequencer (7B5AE74C-D270-4C10-A958-57980B212A5A): 11
LogDevObjectVersion:   Dev-VR (D7296918-1DD6-4BDD-9DE2-64A83CC13884): 2
LogDevObjectVersion:   Dev-LoadTimes (C2A15278-BFE7-4AFE-6C17-90FF531DF755): 1
LogDevObjectVersion:   Private-Geometry (6EACA3D4-40EC-4CC1-B786-8BED09428FC5): 3
LogDevObjectVersion:   Dev-AnimPhys (29E575DD-E0A3-4627-9D10-D276232CDCEA): 17
LogDevObjectVersion:   Dev-Anim (AF43A65D-7FD3-4947-9873-3E8ED9C1BB05): 2
LogDevObjectVersion:   Dev-ReflectionCapture (6B266CEC-1EC7-4B8F-A30B-E4D90942FC07): 1
LogDevObjectVersion:   Dev-Automation (0DF73D61-A23F-47EA-B727-89E90C41499A): 1
LogDevObjectVersion:   FortniteMain (601D1886-AC64-4F84-AA16-D3DE0DEAC7D6): 31
LogDevObjectVersion:   Dev-Enterprise (9DFFBCD6-494F-0158-E221-12823C92A888): 8
LogDevObjectVersion:   Dev-Niagara (F2AED0AC-9AFE-416F-8664-AA7FFA26D6FC): 1
LogDevObjectVersion:   Dev-Destruction (174F1F0B-B4C6-45A5-B13F-2EE8D0FB917D): 9
LogDevObjectVersion:   Dev-Physics-Ext (35F94A83-E258-406C-A318-09F59610247C): 8
LogDevObjectVersion:   Dev-CineCamera (B2E18506-4273-CFC2-A54E-F4BB758BBA07): 1
LogInit: Presizing for max 25165824 objects, including 0 objects not considered by GC, pre-allocating 0 bytes for permanent pool.
LogInit: Object subsystem initialized
LogConfig: Setting CVar [[con.DebugEarlyDefault:1]]
LogConfig: Setting CVar [[r.setres:1280x720]]
[2020.02.02-03.28.04:058][  0]LogConfig: Setting CVar [[r.VSync:0]]
[2020.02.02-03.28.04:059][  0]LogConfig: Setting CVar [[r.RHICmdBypass:0]]
[2020.02.02-03.28.04:059][  0]LogConfig: Applying CVar settings from Section [/Script/Engine.RendererSettings] File [C:/Users/SPC/Desktop/GGJ2020Inventory(0.2)-master/Saved/Config/Windows/Engine.ini]
[2020.02.02-03.28.04:059][  0]LogConfig: Setting CVar [[r.GPUCrashDebugging:0]]
[2020.02.02-03.28.04:059][  0]LogConfig: Setting CVar [[r.MobileHDR:1]]
[2020.02.02-03.28.04:059][  0]LogConfig: Setting CVar [[r.MobileNumDynamicPointLights:4]]
[2020.02.02-03.28.04:059][  0]LogConfig: Setting CVar [[r.MobileDynamicPointLightsUseStaticBranch:1]]
[2020.02.02-03.28.04:059][  0]LogConfig: Setting CVar [[r.AllowOcclusionQueries:1]]
[2020.02.02-03.28.04:059][  0]LogConfig: Setting CVar [[r.MinScreenRadiusForLights:0.030000]]
[2020.02.02-03.28.04:059][  0]LogConfig: Setting CVar [[r.MinScreenRadiusForDepthPrepass:0.030000]]
[2020.02.02-03.28.04:059][  0]LogConfig: Setting CVar [[r.PrecomputedVisibilityWarning:0]]
[2020.02.02-03.28.04:059][  0]LogConfig: Setting CVar [[r.TextureStreaming:1]]
[2020.02.02-03.28.04:059][  0]LogConfig: Setting CVar [[Compat.UseDXT5NormalMaps:0]]
[2020.02.02-03.28.04:059][  0]LogConfig: Setting CVar [[r.AllowStaticLighting:1]]
[2020.02.02-03.28.04:059][  0]LogConfig: Setting CVar [[r.NormalMapsForStaticLighting:0]]
[2020.02.02-03.28.04:059][  0]LogConfig: Setting CVar [[r.GenerateMeshDistanceFields:0]]
[2020.02.02-03.28.04:059][  0]LogConfig: Setting CVar [[r.GenerateLandscapeGIData:1]]
[2020.02.02-03.28.04:059][  0]LogConfig: Setting CVar [[r.TessellationAdaptivePixelsPerTriangle:48.000000]]
[2020.02.02-03.28.04:059][  0]LogConfig: Setting CVar [[r.SeparateTranslucency:1]]
[2020.02.02-03.28.04:059][  0]LogConfig: Setting CVar [[r.TranslucentSortPolicy:0]]
[2020.02.02-03.28.04:059][  0]LogConfig: Setting CVar [[r.CustomDepth:3]]
[2020.02.02-03.28.04:059][  0]LogConfig: Setting CVar [[r.DefaultFeature.Bloom:1]]
[2020.02.02-03.28.04:059][  0]LogConfig: Setting CVar [[r.DefaultFeature.AmbientOcclusion:1]]
[2020.02.02-03.28.04:059][  0]LogConfig: Setting CVar [[r.DefaultFeature.AmbientOcclusionStaticFraction:1]]
[2020.02.02-03.28.04:059][  0]LogConfig: Setting CVar [[r.DefaultFeature.AutoExposure:1]]
[2020.02.02-03.28.04:059][  0]LogConfig: Setting CVar [[r.DefaultFeature.MotionBlur:1]]
[2020.02.02-03.28.04:059][  0]LogConfig: Setting CVar [[r.DefaultFeature.LensFlare:1]]
[2020.02.02-03.28.04:059][  0]LogConfig: Setting CVar [[r.DefaultFeature.AntiAliasing:2]]
[2020.02.02-03.28.04:059][  0]LogConfig: Setting CVar [[r.EarlyZPass:3]]
[2020.02.02-03.28.04:059][  0]LogConfig: Setting CVar [[r.DBuffer:0]]
[2020.02.02-03.28.04:060][  0]LogConfig: Setting CVar [[r.ClearSceneMethod:1]]
[2020.02.02-03.28.04:060][  0]LogConfig: Setting CVar [[r.BasePassOutputsVelocity:0]]
[2020.02.02-03.28.04:060][  0]LogConfig: Setting CVar [[r.WireframeCullThreshold:5.000000]]
[2020.02.02-03.28.04:060][  0]LogConfig: Applying CVar settings from Section [/Script/Engine.RendererOverrideSettings] File [C:/Users/SPC/Desktop/GGJ2020Inventory(0.2)-master/Saved/Config/Windows/Engine.ini]
[2020.02.02-03.28.04:060][  0]LogConfig: Applying CVar settings from Section [/Script/Engine.StreamingSettings] File [C:/Users/SPC/Desktop/GGJ2020Inventory(0.2)-master/Saved/Config/Windows/Engine.ini]
[2020.02.02-03.28.04:060][  0]LogConfig: Setting CVar [[s.MinBulkDataSizeForAsyncLoading:131072]]
[2020.02.02-03.28.04:060][  0]LogConfig: Setting CVar [[s.AsyncLoadingThreadEnabled:0]]
[2020.02.02-03.28.04:060][  0]LogConfig: Setting CVar [[s.EventDrivenLoaderEnabled:1]]
[2020.02.02-03.28.04:060][  0]LogConfig: Setting CVar [[s.WarnIfTimeLimitExceeded:0]]
[2020.02.02-03.28.04:060][  0]LogConfig: Setting CVar [[s.TimeLimitExceededMultiplier:1.5]]
[2020.02.02-03.28.04:060][  0]LogConfig: Setting CVar [[s.TimeLimitExceededMinTime:0.005]]
[2020.02.02-03.28.04:060][  0]LogConfig: Setting CVar [[s.UseBackgroundLevelStreaming:1]]
[2020.02.02-03.28.04:060][  0]LogConfig: Setting CVar [[s.PriorityAsyncLoadingExtraTime:15.0]]
[2020.02.02-03.28.04:060][  0]LogConfig: Setting CVar [[s.LevelStreamingActorsUpdateTimeLimit:5.0]]
[2020.02.02-03.28.04:060][  0]LogConfig: Setting CVar [[s.PriorityLevelStreamingActorsUpdateExtraTime:5.0]]
[2020.02.02-03.28.04:060][  0]LogConfig: Setting CVar [[s.LevelStreamingComponentsRegistrationGranularity:10]]
[2020.02.02-03.28.04:060][  0]LogConfig: Setting CVar [[s.UnregisterComponentsTimeLimit:1.0]]
[2020.02.02-03.28.04:060][  0]LogConfig: Setting CVar [[s.LevelStreamingComponentsUnregistrationGranularity:5]]
[2020.02.02-03.28.04:060][  0]LogConfig: Setting CVar [[s.FlushStreamingOnExit:1]]
[2020.02.02-03.28.04:060][  0]LogConfig: Applying CVar settings from Section [/Script/Engine.GarbageCollectionSettings] File [C:/Users/SPC/Desktop/GGJ2020Inventory(0.2)-master/Saved/Config/Windows/Engine.ini]
[2020.02.02-03.28.04:060][  0]LogConfig: Setting CVar [[gc.MaxObjectsNotConsideredByGC:1]]
[2020.02.02-03.28.04:060][  0]LogConfig: Setting CVar [[gc.SizeOfPermanentObjectPool:0]]
[2020.02.02-03.28.04:060][  0]LogConfig: Setting CVar [[gc.FlushStreamingOnGC:0]]
[2020.02.02-03.28.04:060][  0]LogConfig: Setting CVar [[gc.NumRetriesBeforeForcingGC:10]]
[2020.02.02-03.28.04:060][  0]LogConfig: Setting CVar [[gc.AllowParallelGC:1]]
[2020.02.02-03.28.04:060][  0]LogConfig: Setting CVar [[gc.TimeBetweenPurgingPendingKillObjects:61.1]]
[2020.02.02-03.28.04:060][  0]LogConfig: Setting CVar [[gc.MaxObjectsInEditor:25165824]]
[2020.02.02-03.28.04:060][  0]LogConfig: Setting CVar [[gc.IncrementalBeginDestroyEnabled:1]]
[2020.02.02-03.28.04:060][  0]LogConfig: Setting CVar [[gc.CreateGCClusters:1]]
[2020.02.02-03.28.04:060][  0]LogConfig: Setting CVar [[gc.MinGCClusterSize:5]]
[2020.02.02-03.28.04:060][  0]LogConfig: Setting CVar [[gc.ActorClusteringEnabled:0]]
[2020.02.02-03.28.04:060][  0]LogConfig: Setting CVar [[gc.BlueprintClusteringEnabled:0]]
[2020.02.02-03.28.04:060][  0]LogConfig: Setting CVar [[gc.UseDisregardForGCOnDedicatedServers:0]]
[2020.02.02-03.28.04:060][  0]LogConfig: Applying CVar settings from Section [/Script/Engine.NetworkSettings] File [C:/Users/SPC/Desktop/GGJ2020Inventory(0.2)-master/Saved/Config/Windows/Engine.ini]
[2020.02.02-03.28.04:061][  0]LogConfig: Applying CVar settings from Section [/Script/UnrealEd.CookerSettings] File [C:/Users/SPC/Desktop/GGJ2020Inventory(0.2)-master/Saved/Config/Windows/Engine.ini]
[2020.02.02-03.28.04:065][  0]LogConfig: Applying CVar settings from Section [ViewDistanceQuality@3] File [C:/Users/SPC/Desktop/GGJ2020Inventory(0.2)-master/Saved/Config/Windows/Scalability.ini]
[2020.02.02-03.28.04:065][  0]LogConfig: Setting CVar [[r.SkeletalMeshLODBias:0]]
[2020.02.02-03.28.04:065][  0]LogConfig: Setting CVar [[r.ViewDistanceScale:1.0]]
[2020.02.02-03.28.04:065][  0]LogConfig: Applying CVar settings from Section [AntiAliasingQuality@3] File [C:/Users/SPC/Desktop/GGJ2020Inventory(0.2)-master/Saved/Config/Windows/Scalability.ini]
[2020.02.02-03.28.04:065][  0]LogConfig: Setting CVar [[r.PostProcessAAQuality:4]]
[2020.02.02-03.28.04:065][  0]LogConfig: Applying CVar settings from Section [ShadowQuality@3] File [C:/Users/SPC/Desktop/GGJ2020Inventory(0.2)-master/Saved/Config/Windows/Scalability.ini]
[2020.02.02-03.28.04:065][  0]LogConfig: Setting CVar [[r.LightFunctionQuality:1]]
[2020.02.02-03.28.04:065][  0]LogConfig: Setting CVar [[r.ShadowQuality:5]]
[2020.02.02-03.28.04:065][  0]LogConfig: Setting CVar [[r.Shadow.CSM.MaxCascades:10]]
[2020.02.02-03.28.04:065][  0]LogConfig: Setting CVar [[r.Shadow.MaxResolution:2048]]
[2020.02.02-03.28.04:065][  0]LogConfig: Setting CVar [[r.Shadow.MaxCSMResolution:2048]]
[2020.02.02-03.28.04:065][  0]LogConfig: Setting CVar [[r.Shadow.RadiusThreshold:0.01]]
[2020.02.02-03.28.04:065][  0]LogConfig: Setting CVar [[r.Shadow.DistanceScale:1.0]]
[2020.02.02-03.28.04:065][  0]LogConfig: Setting CVar [[r.Shadow.CSM.TransitionScale:1.0]]
[2020.02.02-03.28.04:065][  0]LogConfig: Setting CVar [[r.Shadow.PreShadowResolutionFactor:1.0]]
[2020.02.02-03.28.04:065][  0]LogConfig: Setting CVar [[r.DistanceFieldShadowing:1]]
[2020.02.02-03.28.04:066][  0]LogConfig: Setting CVar [[r.DistanceFieldAO:1]]
[2020.02.02-03.28.04:066][  0]LogConfig: Setting CVar [[r.AOQuality:2]]
[2020.02.02-03.28.04:066][  0]LogConfig: Setting CVar [[r.VolumetricFog:1]]
[2020.02.02-03.28.04:066][  0]LogConfig: Setting CVar [[r.VolumetricFog.GridPixelSize:8]]
[2020.02.02-03.28.04:066][  0]LogConfig: Setting CVar [[r.VolumetricFog.GridSizeZ:128]]
[2020.02.02-03.28.04:066][  0]LogConfig: Setting CVar [[r.VolumetricFog.HistoryMissSupersampleCount:4]]
[2020.02.02-03.28.04:066][  0]LogConfig: Setting CVar [[r.LightMaxDrawDistanceScale:1]]
[2020.02.02-03.28.04:066][  0]LogConfig: Setting CVar [[r.CapsuleShadows:1]]
[2020.02.02-03.28.04:066][  0]LogConfig: Applying CVar settings from Section [PostProcessQuality@3] File [C:/Users/SPC/Desktop/GGJ2020Inventory(0.2)-master/Saved/Config/Windows/Scalability.ini]
[2020.02.02-03.28.04:066][  0]LogConfig: Setting CVar [[r.MotionBlurQuality:4]]
[2020.02.02-03.28.04:066][  0]LogConfig: Setting CVar [[r.AmbientOcclusionMipLevelFactor:0.4]]
[2020.02.02-03.28.04:066][  0]LogConfig: Setting CVar [[r.AmbientOcclusionMaxQuality:100]]
[2020.02.02-03.28.04:066][  0]LogConfig: Setting CVar [[r.AmbientOcclusionLevels:-1]]
[2020.02.02-03.28.04:066][  0]LogConfig: Setting CVar [[r.AmbientOcclusionRadiusScale:1.0]]
[2020.02.02-03.28.04:066][  0]LogConfig: Setting CVar [[r.DepthOfFieldQuality:2]]
[2020.02.02-03.28.04:066][  0]LogConfig: Setting CVar [[r.RenderTargetPoolMin:400]]
[2020.02.02-03.28.04:066][  0]LogConfig: Setting CVar [[r.LensFlareQuality:2]]
[2020.02.02-03.28.04:066][  0]LogConfig: Setting CVar [[r.SceneColorFringeQuality:1]]
[2020.02.02-03.28.04:066][  0]LogConfig: Setting CVar [[r.EyeAdaptationQuality:2]]
[2020.02.02-03.28.04:066][  0]LogConfig: Setting CVar [[r.BloomQuality:5]]
[2020.02.02-03.28.04:066][  0]LogConfig: Setting CVar [[r.FastBlurThreshold:100]]
[2020.02.02-03.28.04:066][  0]LogConfig: Setting CVar [[r.Upscale.Quality:3]]
[2020.02.02-03.28.04:066][  0]LogConfig: Setting CVar [[r.Tonemapper.GrainQuantization:1]]
[2020.02.02-03.28.04:066][  0]LogConfig: Setting CVar [[r.LightShaftQuality:1]]
[2020.02.02-03.28.04:066][  0]LogConfig: Setting CVar [[r.Filter.SizeScale:1]]
[2020.02.02-03.28.04:066][  0]LogConfig: Setting CVar [[r.Tonemapper.Quality:5]]
[2020.02.02-03.28.04:066][  0]LogConfig: Setting CVar [[r.DOF.Gather.AccumulatorQuality:1        ; higher gathering accumulator quality]]
[2020.02.02-03.28.04:066][  0]LogConfig: Setting CVar [[r.DOF.Gather.PostfilterMethod:1          ; Median3x3 postfilering method]]
[2020.02.02-03.28.04:066][  0]LogConfig: Setting CVar [[r.DOF.Gather.EnableBokehSettings:0       ; no bokeh simulation when gathering]]
[2020.02.02-03.28.04:066][  0]LogConfig: Setting CVar [[r.DOF.Gather.RingCount:4                 ; medium number of samples when gathering]]
[2020.02.02-03.28.04:066][  0]LogConfig: Setting CVar [[r.DOF.Scatter.ForegroundCompositing:1    ; additive foreground scattering]]
[2020.02.02-03.28.04:066][  0]LogConfig: Setting CVar [[r.DOF.Scatter.BackgroundCompositing:2    ; additive background scattering]]
[2020.02.02-03.28.04:066][  0]LogConfig: Setting CVar [[r.DOF.Scatter.EnableBokehSettings:1      ; bokeh simulation when scattering]]
[2020.02.02-03.28.04:066][  0]LogConfig: Setting CVar [[r.DOF.Scatter.MaxSpriteRatio:0.1         ; only a maximum of 10% of scattered bokeh]]
[2020.02.02-03.28.04:066][  0]LogConfig: Setting CVar [[r.DOF.Recombine.Quality:1                ; cheap slight out of focus]]
[2020.02.02-03.28.04:066][  0]LogConfig: Setting CVar [[r.DOF.Recombine.EnableBokehSettings:0    ; no bokeh simulation on slight out of focus]]
[2020.02.02-03.28.04:066][  0]LogConfig: Setting CVar [[r.DOF.TemporalAAQuality:1                ; more stable temporal accumulation]]
[2020.02.02-03.28.04:066][  0]LogConfig: Setting CVar [[r.DOF.Kernel.MaxForegroundRadius:0.025]]
[2020.02.02-03.28.04:066][  0]LogConfig: Setting CVar [[r.DOF.Kernel.MaxBackgroundRadius:0.025]]
[2020.02.02-03.28.04:066][  0]LogConfig: Applying CVar settings from Section [TextureQuality@3] File [C:/Users/SPC/Desktop/GGJ2020Inventory(0.2)-master/Saved/Config/Windows/Scalability.ini]
[2020.02.02-03.28.04:066][  0]LogConfig: Setting CVar [[r.Streaming.MipBias:0]]
[2020.02.02-03.28.04:067][  0]LogConfig: Setting CVar [[r.Streaming.AmortizeCPUToGPUCopy:0]]
[2020.02.02-03.28.04:067][  0]LogConfig: Setting CVar [[r.Streaming.MaxNumTexturesToStreamPerFrame:0]]
[2020.02.02-03.28.04:067][  0]LogConfig: Setting CVar [[r.Streaming.Boost:1]]
[2020.02.02-03.28.04:067][  0]LogConfig: Setting CVar [[r.MaxAnisotropy:8]]
[2020.02.02-03.28.04:067][  0]LogConfig: Setting CVar [[r.VT.MaxAnisotropy:8]]
[2020.02.02-03.28.04:067][  0]LogConfig: Setting CVar [[r.Streaming.LimitPoolSizeToVRAM:0]]
[2020.02.02-03.28.04:067][  0]LogConfig: Setting CVar [[r.Streaming.PoolSize:1000]]
[2020.02.02-03.28.04:067][  0]LogConfig: Setting CVar [[r.Streaming.MaxEffectiveScreenSize:0]]
[2020.02.02-03.28.04:067][  0]LogConfig: Applying CVar settings from Section [EffectsQuality@3] File [C:/Users/SPC/Desktop/GGJ2020Inventory(0.2)-master/Saved/Config/Windows/Scalability.ini]
[2020.02.02-03.28.04:067][  0]LogConfig: Setting CVar [[r.TranslucencyLightingVolumeDim:64]]
[2020.02.02-03.28.04:067][  0]LogConfig: Setting CVar [[r.RefractionQuality:2]]
[2020.02.02-03.28.04:067][  0]LogConfig: Setting CVar [[r.SSR.Quality:3]]
[2020.02.02-03.28.04:067][  0]LogConfig: Setting CVar [[r.SSR.HalfResSceneColor:0]]
[2020.02.02-03.28.04:067][  0]LogConfig: Setting CVar [[r.SceneColorFormat:4]]
[2020.02.02-03.28.04:067][  0]LogConfig: Setting CVar [[r.DetailMode:2]]
[2020.02.02-03.28.04:067][  0]LogConfig: Setting CVar [[r.TranslucencyVolumeBlur:1]]
[2020.02.02-03.28.04:067][  0]LogConfig: Setting CVar [[r.MaterialQualityLevel:1 ; High quality]]
[2020.02.02-03.28.04:067][  0]LogConfig: Setting CVar [[r.SSS.Scale:1]]
[2020.02.02-03.28.04:067][  0]LogConfig: Setting CVar [[r.SSS.SampleSet:2]]
[2020.02.02-03.28.04:067][  0]LogConfig: Setting CVar [[r.SSS.Quality:1]]
[2020.02.02-03.28.04:067][  0]LogConfig: Setting CVar [[r.SSS.HalfRes:1]]
[2020.02.02-03.28.04:067][  0]LogConfig: Setting CVar [[r.SSGI.Quality:3]]
[2020.02.02-03.28.04:067][  0]LogConfig: Setting CVar [[r.EmitterSpawnRateScale:1.0]]
[2020.02.02-03.28.04:067][  0]LogConfig: Setting CVar [[r.ParticleLightQuality:2]]
[2020.02.02-03.28.04:067][  0]LogConfig: Setting CVar [[r.SkyAtmosphere.AerialPerspectiveLUT.FastApplyOnOpaque:1 ; Always have FastSkyLUT 1 in this case to avoid wrong sky]]
[2020.02.02-03.28.04:067][  0]LogConfig: Setting CVar [[r.SkyAtmosphere.AerialPerspectiveLUT.SampleCountPerSlice:1]]
[2020.02.02-03.28.04:067][  0]LogConfig: Setting CVar [[r.SkyAtmosphere.AerialPerspectiveLUT.DepthResolution:16.0]]
[2020.02.02-03.28.04:067][  0]LogConfig: Setting CVar [[r.SkyAtmosphere.FastSkyLUT:1]]
[2020.02.02-03.28.04:067][  0]LogConfig: Setting CVar [[r.SkyAtmosphere.FastSkyLUT.SampleCountMin:4.0]]
[2020.02.02-03.28.04:067][  0]LogConfig: Setting CVar [[r.SkyAtmosphere.FastSkyLUT.SampleCountMax:32.0]]
[2020.02.02-03.28.04:067][  0]LogConfig: Setting CVar [[r.SkyAtmosphere.SampleCountMin:4.0]]
[2020.02.02-03.28.04:067][  0]LogConfig: Setting CVar [[r.SkyAtmosphere.SampleCountMax:32.0]]
[2020.02.02-03.28.04:067][  0]LogConfig: Setting CVar [[r.SkyAtmosphere.TransmittanceLUT.UseSmallFormat:0]]
[2020.02.02-03.28.04:067][  0]LogConfig: Setting CVar [[r.SkyAtmosphere.TransmittanceLUT.SampleCount:10.0]]
[2020.02.02-03.28.04:067][  0]LogConfig: Setting CVar [[r.SkyAtmosphere.MultiScatteringLUT.SampleCount:15.0]]
[2020.02.02-03.28.04:067][  0]LogConfig: Applying CVar settings from Section [FoliageQuality@3] File [C:/Users/SPC/Desktop/GGJ2020Inventory(0.2)-master/Saved/Config/Windows/Scalability.ini]
[2020.02.02-03.28.04:067][  0]LogConfig: Setting CVar [[foliage.DensityScale:1.0]]
[2020.02.02-03.28.04:067][  0]LogConfig: Setting CVar [[grass.DensityScale:1.0]]
[2020.02.02-03.28.04:067][  0]LogConfig: Applying CVar settings from Section [ShadingQuality@3] File [C:/Users/SPC/Desktop/GGJ2020Inventory(0.2)-master/Saved/Config/Windows/Scalability.ini]
[2020.02.02-03.28.04:067][  0]LogConfig: Setting CVar [[r.HairStrands.SkyLighting.SampleCount:16]]
[2020.02.02-03.28.04:067][  0]LogConfig: Setting CVar [[r.HairStrands.SkyLighting.JitterIntegration:0]]
[2020.02.02-03.28.04:067][  0]LogConfig: Setting CVar [[r.HairStrands.SkyAO.SampleCount:16]]
[2020.02.02-03.28.04:067][  0]LogInit: Selected Device Profile: [Windows]
[2020.02.02-03.28.04:068][  0]LogInit: Applying CVar settings loaded from the selected device profile: [Windows]
[2020.02.02-03.28.04:093][  0]LogHAL: Display: Platform has ~ 16 GB [17027031040 / 17179869184 / 16], which maps to Larger [LargestMinGB=32, LargerMinGB=12, DefaultMinGB=8, SmallerMinGB=6, SmallestMinGB=0)
[2020.02.02-03.28.04:093][  0]LogInit: Going up to parent DeviceProfile []
[2020.02.02-03.28.04:093][  0]LogConfig: Applying CVar settings from Section [ViewDistanceQuality@3] File [C:/Users/SPC/Desktop/GGJ2020Inventory(0.2)-master/Saved/Config/Windows/Scalability.ini]
[2020.02.02-03.28.04:093][  0]LogConfig: Setting CVar [[r.SkeletalMeshLODBias:0]]
[2020.02.02-03.28.04:093][  0]LogConfig: Setting CVar [[r.ViewDistanceScale:1.0]]
[2020.02.02-03.28.04:093][  0]LogConfig: Applying CVar settings from Section [AntiAliasingQuality@3] File [C:/Users/SPC/Desktop/GGJ2020Inventory(0.2)-master/Saved/Config/Windows/Scalability.ini]
[2020.02.02-03.28.04:093][  0]LogConfig: Setting CVar [[r.PostProcessAAQuality:4]]
[2020.02.02-03.28.04:093][  0]LogConfig: Applying CVar settings from Section [ShadowQuality@3] File [C:/Users/SPC/Desktop/GGJ2020Inventory(0.2)-master/Saved/Config/Windows/Scalability.ini]
[2020.02.02-03.28.04:093][  0]LogConfig: Setting CVar [[r.LightFunctionQuality:1]]
[2020.02.02-03.28.04:093][  0]LogConfig: Setting CVar [[r.ShadowQuality:5]]
[2020.02.02-03.28.04:093][  0]LogConfig: Setting CVar [[r.Shadow.CSM.MaxCascades:10]]
[2020.02.02-03.28.04:093][  0]LogConfig: Setting CVar [[r.Shadow.MaxResolution:2048]]
[2020.02.02-03.28.04:093][  0]LogConfig: Setting CVar [[r.Shadow.MaxCSMResolution:2048]]
[2020.02.02-03.28.04:093][  0]LogConfig: Setting CVar [[r.Shadow.RadiusThreshold:0.01]]
[2020.02.02-03.28.04:093][  0]LogConfig: Setting CVar [[r.Shadow.DistanceScale:1.0]]
[2020.02.02-03.28.04:093][  0]LogConfig: Setting CVar [[r.Shadow.CSM.TransitionScale:1.0]]
[2020.02.02-03.28.04:093][  0]LogConfig: Setting CVar [[r.Shadow.PreShadowResolutionFactor:1.0]]
[2020.02.02-03.28.04:093][  0]LogConfig: Setting CVar [[r.DistanceFieldShadowing:1]]
[2020.02.02-03.28.04:093][  0]LogConfig: Setting CVar [[r.DistanceFieldAO:1]]
[2020.02.02-03.28.04:093][  0]LogConfig: Setting CVar [[r.AOQuality:2]]
[2020.02.02-03.28.04:093][  0]LogConfig: Setting CVar [[r.VolumetricFog:1]]
[2020.02.02-03.28.04:093][  0]LogConfig: Setting CVar [[r.VolumetricFog.GridPixelSize:8]]
[2020.02.02-03.28.04:093][  0]LogConfig: Setting CVar [[r.VolumetricFog.GridSizeZ:128]]
[2020.02.02-03.28.04:093][  0]LogConfig: Setting CVar [[r.VolumetricFog.HistoryMissSupersampleCount:4]]
[2020.02.02-03.28.04:093][  0]LogConfig: Setting CVar [[r.LightMaxDrawDistanceScale:1]]
[2020.02.02-03.28.04:093][  0]LogConfig: Setting CVar [[r.CapsuleShadows:1]]
[2020.02.02-03.28.04:093][  0]LogConfig: Applying CVar settings from Section [PostProcessQuality@3] File [C:/Users/SPC/Desktop/GGJ2020Inventory(0.2)-master/Saved/Config/Windows/Scalability.ini]
[2020.02.02-03.28.04:093][  0]LogConfig: Setting CVar [[r.MotionBlurQuality:4]]
[2020.02.02-03.28.04:093][  0]LogConfig: Setting CVar [[r.AmbientOcclusionMipLevelFactor:0.4]]
[2020.02.02-03.28.04:093][  0]LogConfig: Setting CVar [[r.AmbientOcclusionMaxQuality:100]]
[2020.02.02-03.28.04:093][  0]LogConfig: Setting CVar [[r.AmbientOcclusionLevels:-1]]
[2020.02.02-03.28.04:093][  0]LogConfig: Setting CVar [[r.AmbientOcclusionRadiusScale:1.0]]
[2020.02.02-03.28.04:093][  0]LogConfig: Setting CVar [[r.DepthOfFieldQuality:2]]
[2020.02.02-03.28.04:093][  0]LogConfig: Setting CVar [[r.RenderTargetPoolMin:400]]
[2020.02.02-03.28.04:093][  0]LogConfig: Setting CVar [[r.LensFlareQuality:2]]
[2020.02.02-03.28.04:093][  0]LogConfig: Setting CVar [[r.SceneColorFringeQuality:1]]
[2020.02.02-03.28.04:093][  0]LogConfig: Setting CVar [[r.EyeAdaptationQuality:2]]
[2020.02.02-03.28.04:093][  0]LogConfig: Setting CVar [[r.BloomQuality:5]]
[2020.02.02-03.28.04:093][  0]LogConfig: Setting CVar [[r.FastBlurThreshold:100]]
[2020.02.02-03.28.04:093][  0]LogConfig: Setting CVar [[r.Upscale.Quality:3]]
[2020.02.02-03.28.04:093][  0]LogConfig: Setting CVar [[r.Tonemapper.GrainQuantization:1]]
[2020.02.02-03.28.04:093][  0]LogConfig: Setting CVar [[r.LightShaftQuality:1]]
[2020.02.02-03.28.04:093][  0]LogConfig: Setting CVar [[r.Filter.SizeScale:1]]
[2020.02.02-03.28.04:093][  0]LogConfig: Setting CVar [[r.Tonemapper.Quality:5]]
[2020.02.02-03.28.04:093][  0]LogConfig: Setting CVar [[r.DOF.Gather.AccumulatorQuality:1        ; higher gathering accumulator quality]]
[2020.02.02-03.28.04:093][  0]LogConfig: Setting CVar [[r.DOF.Gather.PostfilterMethod:1          ; Median3x3 postfilering method]]
[2020.02.02-03.28.04:093][  0]LogConfig: Setting CVar [[r.DOF.Gather.EnableBokehSettings:0       ; no bokeh simulation when gathering]]
[2020.02.02-03.28.04:093][  0]LogConfig: Setting CVar [[r.DOF.Gather.RingCount:4                 ; medium number of samples when gathering]]
[2020.02.02-03.28.04:093][  0]LogConfig: Setting CVar [[r.DOF.Scatter.ForegroundCompositing:1    ; additive foreground scattering]]
[2020.02.02-03.28.04:093][  0]LogConfig: Setting CVar [[r.DOF.Scatter.BackgroundCompositing:2    ; additive background scattering]]
[2020.02.02-03.28.04:093][  0]LogConfig: Setting CVar [[r.DOF.Scatter.EnableBokehSettings:1      ; bokeh simulation when scattering]]
[2020.02.02-03.28.04:093][  0]LogConfig: Setting CVar [[r.DOF.Scatter.MaxSpriteRatio:0.1         ; only a maximum of 10% of scattered bokeh]]
[2020.02.02-03.28.04:093][  0]LogConfig: Setting CVar [[r.DOF.Recombine.Quality:1                ; cheap slight out of focus]]
[2020.02.02-03.28.04:093][  0]LogConfig: Setting CVar [[r.DOF.Recombine.EnableBokehSettings:0    ; no bokeh simulation on slight out of focus]]
[2020.02.02-03.28.04:093][  0]LogConfig: Setting CVar [[r.DOF.TemporalAAQuality:1                ; more stable temporal accumulation]]
[2020.02.02-03.28.04:093][  0]LogConfig: Setting CVar [[r.DOF.Kernel.MaxForegroundRadius:0.025]]
[2020.02.02-03.28.04:094][  0]LogConfig: Setting CVar [[r.DOF.Kernel.MaxBackgroundRadius:0.025]]
[2020.02.02-03.28.04:094][  0]LogConfig: Applying CVar settings from Section [TextureQuality@3] File [C:/Users/SPC/Desktop/GGJ2020Inventory(0.2)-master/Saved/Config/Windows/Scalability.ini]
[2020.02.02-03.28.04:094][  0]LogConfig: Setting CVar [[r.Streaming.MipBias:0]]
[2020.02.02-03.28.04:094][  0]LogConfig: Setting CVar [[r.Streaming.AmortizeCPUToGPUCopy:0]]
[2020.02.02-03.28.04:094][  0]LogConfig: Setting CVar [[r.Streaming.MaxNumTexturesToStreamPerFrame:0]]
[2020.02.02-03.28.04:094][  0]LogConfig: Setting CVar [[r.Streaming.Boost:1]]
[2020.02.02-03.28.04:094][  0]LogConfig: Setting CVar [[r.MaxAnisotropy:8]]
[2020.02.02-03.28.04:094][  0]LogConfig: Setting CVar [[r.VT.MaxAnisotropy:8]]
[2020.02.02-03.28.04:094][  0]LogConfig: Setting CVar [[r.Streaming.LimitPoolSizeToVRAM:0]]
[2020.02.02-03.28.04:094][  0]LogConfig: Setting CVar [[r.Streaming.PoolSize:1000]]
[2020.02.02-03.28.04:094][  0]LogConfig: Setting CVar [[r.Streaming.MaxEffectiveScreenSize:0]]
[2020.02.02-03.28.04:094][  0]LogConfig: Applying CVar settings from Section [EffectsQuality@3] File [C:/Users/SPC/Desktop/GGJ2020Inventory(0.2)-master/Saved/Config/Windows/Scalability.ini]
[2020.02.02-03.28.04:094][  0]LogConfig: Setting CVar [[r.TranslucencyLightingVolumeDim:64]]
[2020.02.02-03.28.04:094][  0]LogConfig: Setting CVar [[r.RefractionQuality:2]]
[2020.02.02-03.28.04:094][  0]LogConfig: Setting CVar [[r.SSR.Quality:3]]
[2020.02.02-03.28.04:094][  0]LogConfig: Setting CVar [[r.SSR.HalfResSceneColor:0]]
[2020.02.02-03.28.04:094][  0]LogConfig: Setting CVar [[r.SceneColorFormat:4]]
[2020.02.02-03.28.04:094][  0]LogConfig: Setting CVar [[r.DetailMode:2]]
[2020.02.02-03.28.04:094][  0]LogConfig: Setting CVar [[r.TranslucencyVolumeBlur:1]]
[2020.02.02-03.28.04:094][  0]LogConfig: Setting CVar [[r.MaterialQualityLevel:1 ; High quality]]
[2020.02.02-03.28.04:094][  0]LogConfig: Setting CVar [[r.SSS.Scale:1]]
[2020.02.02-03.28.04:094][  0]LogConfig: Setting CVar [[r.SSS.SampleSet:2]]
[2020.02.02-03.28.04:094][  0]LogConfig: Setting CVar [[r.SSS.Quality:1]]
[2020.02.02-03.28.04:094][  0]LogConfig: Setting CVar [[r.SSS.HalfRes:1]]
[2020.02.02-03.28.04:094][  0]LogConfig: Setting CVar [[r.SSGI.Quality:3]]
[2020.02.02-03.28.04:094][  0]LogConfig: Setting CVar [[r.EmitterSpawnRateScale:1.0]]
[2020.02.02-03.28.04:094][  0]LogConfig: Setting CVar [[r.ParticleLightQuality:2]]
[2020.02.02-03.28.04:094][  0]LogConfig: Setting CVar [[r.SkyAtmosphere.AerialPerspectiveLUT.FastApplyOnOpaque:1 ; Always have FastSkyLUT 1 in this case to avoid wrong sky]]
[2020.02.02-03.28.04:094][  0]LogConfig: Setting CVar [[r.SkyAtmosphere.AerialPerspectiveLUT.SampleCountPerSlice:1]]
[2020.02.02-03.28.04:094][  0]LogConfig: Setting CVar [[r.SkyAtmosphere.AerialPerspectiveLUT.DepthResolution:16.0]]
[2020.02.02-03.28.04:094][  0]LogConfig: Setting CVar [[r.SkyAtmosphere.FastSkyLUT:1]]
[2020.02.02-03.28.04:094][  0]LogConfig: Setting CVar [[r.SkyAtmosphere.FastSkyLUT.SampleCountMin:4.0]]
[2020.02.02-03.28.04:094][  0]LogConfig: Setting CVar [[r.SkyAtmosphere.FastSkyLUT.SampleCountMax:32.0]]
[2020.02.02-03.28.04:094][  0]LogConfig: Setting CVar [[r.SkyAtmosphere.SampleCountMin:4.0]]
[2020.02.02-03.28.04:094][  0]LogConfig: Setting CVar [[r.SkyAtmosphere.SampleCountMax:32.0]]
[2020.02.02-03.28.04:094][  0]LogConfig: Setting CVar [[r.SkyAtmosphere.TransmittanceLUT.UseSmallFormat:0]]
[2020.02.02-03.28.04:094][  0]LogConfig: Setting CVar [[r.SkyAtmosphere.TransmittanceLUT.SampleCount:10.0]]
[2020.02.02-03.28.04:094][  0]LogConfig: Setting CVar [[r.SkyAtmosphere.MultiScatteringLUT.SampleCount:15.0]]
[2020.02.02-03.28.04:094][  0]LogConfig: Applying CVar settings from Section [FoliageQuality@3] File [C:/Users/SPC/Desktop/GGJ2020Inventory(0.2)-master/Saved/Config/Windows/Scalability.ini]
[2020.02.02-03.28.04:094][  0]LogConfig: Setting CVar [[foliage.DensityScale:1.0]]
[2020.02.02-03.28.04:094][  0]LogConfig: Setting CVar [[grass.DensityScale:1.0]]
[2020.02.02-03.28.04:094][  0]LogConfig: Applying CVar settings from Section [ShadingQuality@3] File [C:/Users/SPC/Desktop/GGJ2020Inventory(0.2)-master/Saved/Config/Windows/Scalability.ini]
[2020.02.02-03.28.04:094][  0]LogConfig: Setting CVar [[r.HairStrands.SkyLighting.SampleCount:16]]
[2020.02.02-03.28.04:094][  0]LogConfig: Setting CVar [[r.HairStrands.SkyLighting.JitterIntegration:0]]
[2020.02.02-03.28.04:094][  0]LogConfig: Setting CVar [[r.HairStrands.SkyAO.SampleCount:16]]
[2020.02.02-03.28.04:094][  0]LogConfig: Applying CVar settings from Section [Startup] File [../../../Engine/Config/ConsoleVariables.ini]
[2020.02.02-03.28.04:098][  0]LogConfig: Setting CVar [[net.UseAdaptiveNetUpdateFrequency:0]]
[2020.02.02-03.28.04:098][  0]LogConfig: Setting CVar [[p.chaos.AllowCreatePhysxBodies:1]]
[2020.02.02-03.28.04:098][  0]LogConfig: Applying CVar settings from Section [ConsoleVariables] File [C:/Users/SPC/Desktop/GGJ2020Inventory(0.2)-master/Saved/Config/Windows/Engine.ini]
[2020.02.02-03.28.04:098][  0]LogInit: Computer: LAPTOP-S2EA986F
[2020.02.02-03.28.04:098][  0]LogInit: User: SPC
[2020.02.02-03.28.04:098][  0]LogInit: CPU Page size=4096, Cores=6
[2020.02.02-03.28.04:098][  0]LogInit: High frequency timer resolution =10.000000 MHz
[2020.02.02-03.28.04:099][  0]LogMemory: Memory total: Physical=15.9GB (16GB approx)
[2020.02.02-03.28.04:099][  0]LogMemory: Platform Memory Stats for Windows
[2020.02.02-03.28.04:099][  0]LogMemory: Process Physical Memory: 105.25 MB used, 105.25 MB peak
[2020.02.02-03.28.04:099][  0]LogMemory: Process Virtual Memory: 101.55 MB used, 101.55 MB peak
[2020.02.02-03.28.04:099][  0]LogMemory: Physical Memory: 5621.71 MB used,  10616.53 MB free, 16238.24 MB total
[2020.02.02-03.28.04:099][  0]LogMemory: Virtual Memory: 5159.21 MB used,  134212568.00 MB free, 134217728.00 MB total
[2020.02.02-03.28.04:612][  0]LogWindows: WindowsPlatformFeatures enabled
[2020.02.02-03.28.05:292][  0]LogInit: Using OS detected language (en-US).
[2020.02.02-03.28.05:292][  0]LogInit: Using OS detected locale (en-CA).
[2020.02.02-03.28.05:293][  0]LogTextLocalizationManager: No specific localization for 'en-US' exists, so the 'en' localization will be used.
[2020.02.02-03.28.07:203][  0]LogInit: Setting process to per monitor DPI aware
[2020.02.02-03.28.07:368][  0]LogSlate: New Slate User Created.  User Index 0, Is Virtual User: 0
[2020.02.02-03.28.07:368][  0]LogSlate: Slate User Registered.  User Index 0, Is Virtual User: 0
[2020.02.02-03.28.09:716][  0]LogHMD: Failed to initialize OpenVR with code 110
[2020.02.02-03.28.09:716][  0]LogD3D11RHI: D3D11 min allowed feature level: 11_0
[2020.02.02-03.28.09:716][  0]LogD3D11RHI: D3D11 max allowed feature level: 11_0
[2020.02.02-03.28.09:716][  0]LogD3D11RHI: D3D11 adapters:
[2020.02.02-03.28.10:550][  0]LogD3D11RHI:    0. 'NVIDIA GeForce GTX 1050 Ti' (Feature Level 11_0)
[2020.02.02-03.28.10:550][  0]LogD3D11RHI:       4021/0/8119 MB DedicatedVideo/DedicatedSystem/SharedSystem, Outputs:1, VendorId:0x10de
[2020.02.02-03.28.10:572][  0]LogD3D11RHI:    1. 'Intel(R) UHD Graphics 630' (Feature Level 11_0)
[2020.02.02-03.28.10:572][  0]LogD3D11RHI:       128/0/8119 MB DedicatedVideo/DedicatedSystem/SharedSystem, Outputs:0, VendorId:0x8086
[2020.02.02-03.28.10:574][  0]LogD3D11RHI:    2. 'Microsoft Basic Render Driver' (Feature Level 11_0)
[2020.02.02-03.28.10:574][  0]LogD3D11RHI:       0/0/8119 MB DedicatedVideo/DedicatedSystem/SharedSystem, Outputs:0, VendorId:0x1414
[2020.02.02-03.28.10:574][  0]LogD3D11RHI: Chosen D3D11 Adapter: 0
[2020.02.02-03.28.10:610][  0]LogD3D11RHI: Creating new Direct3DDevice
[2020.02.02-03.28.10:610][  0]LogD3D11RHI:     GPU DeviceId: 0x1c8c (for the marketing name, search the web for "GPU Device Id")
[2020.02.02-03.28.10:610][  0]LogWindows: EnumDisplayDevices:
[2020.02.02-03.28.10:610][  0]LogWindows:    0. 'Intel(R) UHD Graphics 630' (P:1 D:1)
[2020.02.02-03.28.10:611][  0]LogWindows:    1. 'Intel(R) UHD Graphics 630' (P:0 D:0)
[2020.02.02-03.28.10:611][  0]LogWindows:    2. 'Intel(R) UHD Graphics 630' (P:0 D:0)
[2020.02.02-03.28.10:611][  0]LogWindows: DebugString: PrimaryIsNotTheChoosenAdapter PrimaryIsNotTheChoosenAdapter PrimaryIsNotTheChoosenAdapter FoundDriverCount:0 
[2020.02.02-03.28.10:611][  0]LogD3D11RHI:     Adapter Name: NVIDIA GeForce GTX 1050 Ti
[2020.02.02-03.28.10:611][  0]LogD3D11RHI:   Driver Version: Unknown (internal:Unknown, unified:Unknown)
[2020.02.02-03.28.10:611][  0]LogD3D11RHI:      Driver Date: Unknown
[2020.02.02-03.28.10:611][  0]LogRHI: Texture pool is 2814 MB (70% of 4021 MB)
[2020.02.02-03.28.10:650][  0]LogD3D11RHI: RHI has support for 64 bit atomics
[2020.02.02-03.28.10:650][  0]LogD3D11RHI: Async texture creation enabled
[2020.02.02-03.28.10:662][  0]LogD3D11RHI: GPU Timing Frequency: 1000.000000 (Debug: 2 1)
[2020.02.02-03.28.11:318][  0]LogTargetPlatformManager: Display: Loaded TargetPlatform 'AllDesktop'
[2020.02.02-03.28.11:402][  0]LogTargetPlatformManager: Display: Loaded TargetPlatform 'Android'
[2020.02.02-03.28.11:402][  0]LogTargetPlatformManager: Display: Loaded TargetPlatform 'Android_ASTC'
[2020.02.02-03.28.11:402][  0]LogTargetPlatformManager: Display: Loaded TargetPlatform 'Android_ATC'
[2020.02.02-03.28.11:402][  0]LogTargetPlatformManager: Display: Loaded TargetPlatform 'Android_DXT'
[2020.02.02-03.28.11:403][  0]LogTargetPlatformManager: Display: Loaded TargetPlatform 'Android_ETC1'
[2020.02.02-03.28.11:403][  0]LogTargetPlatformManager: Display: Loaded TargetPlatform 'Android_ETC1a'
[2020.02.02-03.28.11:403][  0]LogTargetPlatformManager: Display: Loaded TargetPlatform 'Android_ETC2'
[2020.02.02-03.28.11:403][  0]LogTargetPlatformManager: Display: Loaded TargetPlatform 'Android_PVRTC'
[2020.02.02-03.28.11:403][  0]LogTargetPlatformManager: Display: Loaded TargetPlatform 'AndroidClient'
[2020.02.02-03.28.11:403][  0]LogTargetPlatformManager: Display: Loaded TargetPlatform 'Android_ASTCClient'
[2020.02.02-03.28.11:403][  0]LogTargetPlatformManager: Display: Loaded TargetPlatform 'Android_ATCClient'
[2020.02.02-03.28.11:403][  0]LogTargetPlatformManager: Display: Loaded TargetPlatform 'Android_DXTClient'
[2020.02.02-03.28.11:403][  0]LogTargetPlatformManager: Display: Loaded TargetPlatform 'Android_ETC1Client'
[2020.02.02-03.28.11:403][  0]LogTargetPlatformManager: Display: Loaded TargetPlatform 'Android_ETC1aClient'
[2020.02.02-03.28.11:403][  0]LogTargetPlatformManager: Display: Loaded TargetPlatform 'Android_ETC2Client'
[2020.02.02-03.28.11:403][  0]LogTargetPlatformManager: Display: Loaded TargetPlatform 'Android_PVRTCClient'
[2020.02.02-03.28.11:403][  0]LogTargetPlatformManager: Display: Loaded TargetPlatform 'Android_Multi'
[2020.02.02-03.28.11:403][  0]LogTargetPlatformManager: Display: Loaded TargetPlatform 'Android_MultiClient'
[2020.02.02-03.28.11:468][  0]LogTargetPlatformManager: Display: Loaded TargetPlatform 'IOSClient'
[2020.02.02-03.28.11:468][  0]LogTargetPlatformManager: Display: Loaded TargetPlatform 'IOS'
[2020.02.02-03.28.11:499][  0]LogTargetPlatformManager: Display: Loaded TargetPlatform 'LinuxNoEditor'
[2020.02.02-03.28.11:518][  0]LogTargetPlatformManager: Display: Loaded TargetPlatform 'LinuxClient'
[2020.02.02-03.28.11:538][  0]LogTargetPlatformManager: Display: Loaded TargetPlatform 'LinuxServer'
[2020.02.02-03.28.11:558][  0]LogTargetPlatformManager: Display: Loaded TargetPlatform 'LinuxAArch64NoEditor'
[2020.02.02-03.28.11:578][  0]LogTargetPlatformManager: Display: Loaded TargetPlatform 'LinuxAArch64Client'
[2020.02.02-03.28.11:598][  0]LogTargetPlatformManager: Display: Loaded TargetPlatform 'LinuxAArch64Server'
[2020.02.02-03.28.11:648][  0]LogTargetPlatformManager: Display: Loaded TargetPlatform 'Lumin'
[2020.02.02-03.28.11:648][  0]LogTargetPlatformManager: Display: Loaded TargetPlatform 'LuminClient'
[2020.02.02-03.28.11:672][  0]LogTargetPlatformManager: Display: Loaded TargetPlatform 'TVOSClient'
[2020.02.02-03.28.11:672][  0]LogTargetPlatformManager: Display: Loaded TargetPlatform 'TVOS'
[2020.02.02-03.28.11:693][  0]LogTargetPlatformManager: Display: Loaded TargetPlatform 'WindowsNoEditor'
[2020.02.02-03.28.11:716][  0]LogTargetPlatformManager: Display: Loaded TargetPlatform 'Windows'
[2020.02.02-03.28.11:736][  0]LogTargetPlatformManager: Display: Loaded TargetPlatform 'WindowsClient'
[2020.02.02-03.28.11:756][  0]LogTargetPlatformManager: Display: Loaded TargetPlatform 'WindowsServer'
[2020.02.02-03.28.11:756][  0]LogTargetPlatformManager: Display: Building Assets For Windows
[2020.02.02-03.28.11:811][  0]LogAudioDebug: Display: Lib vorbis DLL was dynamically loaded.
[2020.02.02-03.28.12:175][  0]LogShaderCompilers: Guid format shader working directory is -6 characters bigger than the processId version (C:/Users/SPC/Desktop/GGJ2020Inventory(0.2)-master/Intermediate/Shaders/WorkingDirectory/19912/).
[2020.02.02-03.28.12:175][  0]LogShaderCompilers: Cleaned the shader compiler working directory 'C:/Users/SPC/AppData/Local/Temp/UnrealShaderWorkingDir/4700ED934E756ACD813EB7B126F5C19A/'.
[2020.02.02-03.28.12:176][  0]LogXGEController: Cleaning working directory: C:/Users/SPC/AppData/Local/Temp/UnrealXGEWorkingDir/
[2020.02.02-03.28.12:176][  0]LogXGEController: Cannot use XGE Controller as Incredibuild is not installed on this machine.
[2020.02.02-03.28.12:177][  0]LogShaderCompilers: Cannot use XGE Shader Compiler as Incredibuild is not installed on this machine.
[2020.02.02-03.28.12:177][  0]LogShaderCompilers: Display: Using Local Shader Compiler.
[2020.02.02-03.28.15:057][  0]LogDerivedDataCache: Display: Max Cache Size: 512 MB
[2020.02.02-03.28.15:187][  0]LogDerivedDataCache: Loaded boot cache 0.13s 78MB C:/Users/SPC/AppData/Local/UnrealEngine/4.24/DerivedDataCache/Boot.ddc.
[2020.02.02-03.28.15:187][  0]LogDerivedDataCache: Display: Loaded Boot cache: C:/Users/SPC/AppData/Local/UnrealEngine/4.24/DerivedDataCache/Boot.ddc
[2020.02.02-03.28.15:187][  0]LogDerivedDataCache: FDerivedDataBackendGraph:  Pak pak cache file C:/Users/SPC/Desktop/GGJ2020Inventory(0.2)-master/DerivedDataCache/DDC.ddp not found, will not use a pak cache.
[2020.02.02-03.28.15:187][  0]LogDerivedDataCache: Unable to find inner node Pak for hierarchical cache Hierarchy.
[2020.02.02-03.28.15:187][  0]LogDerivedDataCache: FDerivedDataBackendGraph:  CompressedPak pak cache file C:/Users/SPC/Desktop/GGJ2020Inventory(0.2)-master/DerivedDataCache/Compressed.ddp not found, will not use a pak cache.
[2020.02.02-03.28.15:187][  0]LogDerivedDataCache: Unable to find inner node CompressedPak for hierarchical cache Hierarchy.
[2020.02.02-03.28.15:230][  0]LogDerivedDataCache: Display: Pak cache opened for reading ../../../Engine/DerivedDataCache/Compressed.ddp.
[2020.02.02-03.28.15:230][  0]LogDerivedDataCache: FDerivedDataBackendGraph:  EnterprisePak pak cache file ../../../Enterprise/DerivedDataCache/Compressed.ddp not found, will not use a pak cache.
[2020.02.02-03.28.15:230][  0]LogDerivedDataCache: Unable to find inner node EnterprisePak for hierarchical cache Hierarchy.
[2020.02.02-03.28.15:232][  0]LogDerivedDataCache: Using Local data cache path C:/Users/SPC/AppData/Local/UnrealEngine/Common/DerivedDataCache: Writable
[2020.02.02-03.28.15:232][  0]LogDerivedDataCache: Shared data cache path not found in *engine.ini, will not use an Shared cache.
[2020.02.02-03.28.15:232][  0]LogDerivedDataCache: Unable to find inner node Shared for hierarchical cache Hierarchy.
[2020.02.02-03.28.15:244][  0]LogMaterial: Verifying Global Shaders for PCD3D_SM5
[2020.02.02-03.28.16:158][  0]LogSlate: Using FreeType 2.10.0
[2020.02.02-03.28.16:196][  0]LogShaderCompilers: Display: Worker (1/9): shaders left to compile 2378
[2020.02.02-03.28.16:196][  0]LogShaderCompilers: Display: Worker (2/9): shaders left to compile 2377
[2020.02.02-03.28.16:196][  0]LogShaderCompilers: Display: Worker (3/9): shaders left to compile 2376
[2020.02.02-03.28.16:196][  0]LogShaderCompilers: Display: Worker (4/9): shaders left to compile 2375
[2020.02.02-03.28.16:196][  0]LogShaderCompilers: Display: Worker (5/9): shaders left to compile 2374
[2020.02.02-03.28.16:196][  0]LogShaderCompilers: Display: Worker (6/9): shaders left to compile 2373
[2020.02.02-03.28.16:196][  0]LogShaderCompilers: Display: Worker (7/9): shaders left to compile 2372
[2020.02.02-03.28.16:196][  0]LogShaderCompilers: Display: Worker (8/9): shaders left to compile 2371
[2020.02.02-03.28.16:196][  0]LogShaderCompilers: Display: Worker (9/9): shaders left to compile 2370
[2020.02.02-03.28.16:196][  0]LogSlate: SlateFontServices - WITH_FREETYPE: 1, WITH_HARFBUZZ: 1
[2020.02.02-03.28.16:848][  0]LogAssetRegistry: FAssetRegistry took 0.0037 seconds to start up
[2020.02.02-03.28.17:796][  0]LogShaderCompilers: Display: Worker (4/9): shaders left to compile 2369
[2020.02.02-03.28.17:796][  0]LogShaderCompilers: Display: Worker (5/9): shaders left to compile 2368
[2020.02.02-03.28.17:796][  0]LogShaderCompilers: Display: Worker (1/9): shaders left to compile 2367
[2020.02.02-03.28.17:796][  0]LogShaderCompilers: Display: Worker (3/9): shaders left to compile 2366
[2020.02.02-03.28.17:796][  0]LogShaderCompilers: Display: Worker (2/9): shaders left to compile 2365
[2020.02.02-03.28.17:796][  0]LogShaderCompilers: Display: Worker (7/9): shaders left to compile 2364
[2020.02.02-03.28.17:796][  0]LogShaderCompilers: Display: Worker (8/9): shaders left to compile 2363
[2020.02.02-03.28.17:796][  0]LogShaderCompilers: Display: Worker (9/9): shaders left to compile 2362
[2020.02.02-03.28.17:797][  0]LogShaderCompilers: Display: Worker (6/9): shaders left to compile 2361
[2020.02.02-03.28.17:797][  0]LogShaderCompilers: Display: Worker (5/9): shaders left to compile 2360
[2020.02.02-03.28.17:797][  0]LogShaderCompilers: Display: Worker (4/9): shaders left to compile 2359
[2020.02.02-03.28.17:797][  0]LogShaderCompilers: Display: Worker (1/9): shaders left to compile 2358
[2020.02.02-03.28.17:797][  0]LogShaderCompilers: Display: Worker (2/9): shaders left to compile 2357
[2020.02.02-03.28.17:797][  0]LogShaderCompilers: Display: Worker (3/9): shaders left to compile 2356
[2020.02.02-03.28.17:797][  0]LogShaderCompilers: Display: Worker (7/9): shaders left to compile 2355
[2020.02.02-03.28.17:797][  0]LogShaderCompilers: Display: Worker (9/9): shaders left to compile 2354
[2020.02.02-03.28.17:797][  0]LogShaderCompilers: Display: Worker (6/9): shaders left to compile 2353
[2020.02.02-03.28.17:797][  0]LogShaderCompilers: Display: Worker (8/9): shaders left to compile 2352
[2020.02.02-03.28.17:797][  0]LogShaderCompilers: Display: Worker (5/9): shaders left to compile 2351
[2020.02.02-03.28.17:797][  0]LogShaderCompilers: Display: Worker (1/9): shaders left to compile 2350
[2020.02.02-03.28.17:797][  0]LogShaderCompilers: Display: Worker (4/9): shaders left to compile 2349
[2020.02.02-03.28.17:797][  0]LogShaderCompilers: Display: Worker (2/9): shaders left to compile 2348
[2020.02.02-03.28.17:797][  0]LogShaderCompilers: Display: Worker (3/9): shaders left to compile 2347
[2020.02.02-03.28.17:797][  0]LogShaderCompilers: Display: Worker (9/9): shaders left to compile 2346
[2020.02.02-03.28.17:797][  0]LogShaderCompilers: Display: Worker (8/9): shaders left to compile 2345
[2020.02.02-03.28.17:797][  0]LogShaderCompilers: Display: Worker (6/9): shaders left to compile 2344
[2020.02.02-03.28.17:797][  0]LogShaderCompilers: Display: Worker (7/9): shaders left to compile 2343
[2020.02.02-03.28.17:797][  0]LogShaderCompilers: Display: Worker (5/9): shaders left to compile 2342
[2020.02.02-03.28.17:797][  0]LogShaderCompilers: Display: Worker (3/9): shaders left to compile 2341
[2020.02.02-03.28.17:797][  0]LogShaderCompilers: Display: Worker (1/9): shaders left to compile 2340
[2020.02.02-03.28.17:797][  0]LogShaderCompilers: Display: Worker (4/9): shaders left to compile 2339
[2020.02.02-03.28.17:797][  0]LogShaderCompilers: Display: Worker (9/9): shaders left to compile 2338
[2020.02.02-03.28.17:797][  0]LogShaderCompilers: Display: Worker (6/9): shaders left to compile 2337
[2020.02.02-03.28.17:797][  0]LogShaderCompilers: Display: Worker (7/9): shaders left to compile 2336
[2020.02.02-03.28.17:797][  0]LogShaderCompilers: Display: Worker (8/9): shaders left to compile 2335
[2020.02.02-03.28.17:797][  0]LogShaderCompilers: Display: Worker (5/9): shaders left to compile 2334
[2020.02.02-03.28.17:797][  0]LogShaderCompilers: Display: Worker (3/9): shaders left to compile 2333
[2020.02.02-03.28.17:797][  0]LogShaderCompilers: Display: Worker (1/9): shaders left to compile 2332
[2020.02.02-03.28.17:797][  0]LogShaderCompilers: Display: Worker (4/9): shaders left to compile 2331
[2020.02.02-03.28.17:797][  0]LogShaderCompilers: Display: Worker (6/9): shaders left to compile 2330
[2020.02.02-03.28.17:797][  0]LogShaderCompilers: Display: Worker (9/9): shaders left to compile 2329
[2020.02.02-03.28.17:797][  0]LogShaderCompilers: Display: Worker (7/9): shaders left to compile 2328
[2020.02.02-03.28.17:797][  0]LogShaderCompilers: Display: Worker (8/9): shaders left to compile 2327
[2020.02.02-03.28.17:797][  0]LogShaderCompilers: Display: Worker (5/9): shaders left to compile 2326
[2020.02.02-03.28.17:797][  0]LogShaderCompilers: Display: Worker (3/9): shaders left to compile 2325
[2020.02.02-03.28.17:797][  0]LogShaderCompilers: Display: Worker (1/9): shaders left to compile 2324
[2020.02.02-03.28.17:797][  0]LogShaderCompilers: Display: Worker (4/9): shaders left to compile 2323
[2020.02.02-03.28.17:798][  0]LogShaderCompilers: Display: Worker (6/9): shaders left to compile 2322
[2020.02.02-03.28.17:798][  0]LogShaderCompilers: Display: Worker (9/9): shaders left to compile 2321
[2020.02.02-03.28.17:798][  0]LogInit: Selected Device Profile: [Windows]
[2020.02.02-03.28.18:225][  0]LogShaderCompilers: Display: Worker (5/9): shaders left to compile 2320
[2020.02.02-03.28.18:225][  0]LogShaderCompilers: Display: Worker (3/9): shaders left to compile 2319
[2020.02.02-03.28.18:225][  0]LogShaderCompilers: Display: Worker (7/9): shaders left to compile 2318
[2020.02.02-03.28.18:225][  0]LogShaderCompilers: Display: Worker (4/9): shaders left to compile 2317
[2020.02.02-03.28.18:225][  0]LogShaderCompilers: Display: Worker (8/9): shaders left to compile 2316
[2020.02.02-03.28.18:225][  0]LogShaderCompilers: Display: Worker (1/9): shaders left to compile 2315
[2020.02.02-03.28.18:225][  0]LogShaderCompilers: Display: Worker (6/9): shaders left to compile 2314
[2020.02.02-03.28.18:225][  0]LogShaderCompilers: Display: Worker (9/9): shaders left to compile 2313
[2020.02.02-03.28.18:225][  0]LogShaderCompilers: Display: Worker (5/9): shaders left to compile 2312
[2020.02.02-03.28.18:225][  0]LogShaderCompilers: Display: Worker (2/9): shaders left to compile 2311
[2020.02.02-03.28.18:225][  0]LogShaderCompilers: Display: Worker (3/9): shaders left to compile 2310
[2020.02.02-03.28.18:225][  0]LogShaderCompilers: Display: Worker (7/9): shaders left to compile 2309
[2020.02.02-03.28.18:225][  0]LogShaderCompilers: Display: Worker (4/9): shaders left to compile 2308
[2020.02.02-03.28.18:225][  0]LogShaderCompilers: Display: Worker (1/9): shaders left to compile 2307
[2020.02.02-03.28.18:225][  0]LogShaderCompilers: Display: Worker (8/9): shaders left to compile 2306
[2020.02.02-03.28.18:225][  0]LogShaderCompilers: Display: Worker (3/9): shaders left to compile 2305
[2020.02.02-03.28.18:225][  0]LogShaderCompilers: Display: Worker (6/9): shaders left to compile 2304
[2020.02.02-03.28.18:225][  0]LogShaderCompilers: Display: Worker (9/9): shaders left to compile 2303
[2020.02.02-03.28.18:225][  0]LogShaderCompilers: Display: Worker (2/9): shaders left to compile 2302
[2020.02.02-03.28.18:225][  0]LogShaderCompilers: Display: Worker (4/9): shaders left to compile 2301
[2020.02.02-03.28.18:225][  0]LogShaderCompilers: Display: Worker (5/9): shaders left to compile 2300
[2020.02.02-03.28.18:225][  0]LogShaderCompilers: Display: Worker (7/9): shaders left to compile 2299
[2020.02.02-03.28.18:225][  0]LogShaderCompilers: Display: Worker (1/9): shaders left to compile 2298
[2020.02.02-03.28.18:225][  0]LogShaderCompilers: Display: Worker (3/9): shaders left to compile 2297
[2020.02.02-03.28.18:225][  0]LogShaderCompilers: Display: Worker (8/9): shaders left to compile 2296
[2020.02.02-03.28.18:225][  0]LogShaderCompilers: Display: Worker (6/9): shaders left to compile 2295
[2020.02.02-03.28.18:226][  0]LogShaderCompilers: Display: Worker (2/9): shaders left to compile 2294
[2020.02.02-03.28.18:226][  0]LogMaterial: Display: Missing cached shader map for material WorldGridMaterial, compiling. Is special engine material.
